<?xml version="1.0" encoding="UTF-8"?>
<testng-results ignored="0" total="2" passed="2" failed="0" skipped="0">
  <reporter-output>
  </reporter-output>
  <suite started-at="2025-05-02T15:22:05 IST" name="Login Suite" finished-at="2025-05-02T15:22:16 IST" duration-ms="11524">
    <groups>
    </groups>
    <test started-at="2025-05-02T15:22:05 IST" name="Login Tests" finished-at="2025-05-02T15:22:16 IST" duration-ms="11524">
      <class name="tests.LoginTest">
        <test-method is-config="true" signature="StartTest()[pri:0, instance:tests.LoginTest@5990e6c5]" started-at="2025-05-02T15:22:05 IST" name="StartTest" finished-at="2025-05-02T15:22:05 IST" duration-ms="174" status="PASS">
          <reporter-output>
          </reporter-output>
        </test-method> <!-- StartTest -->
        <test-method is-config="true" signature="setUp(java.lang.String)[pri:0, instance:tests.LoginTest@5990e6c5]" started-at="2025-05-02T15:22:05 IST" name="setUp" finished-at="2025-05-02T15:22:08 IST" duration-ms="2901" status="PASS">
          <params>
            <param index="0">
              <value>
                <![CDATA[dev]]>
              </value>
            </param>
          </params>
          <reporter-output>
          </reporter-output>
        </test-method> <!-- setUp -->
        <test-method signature="testFreeSubscription(java.lang.String)[pri:0, instance:tests.LoginTest@5990e6c5]" started-at="2025-05-02T15:22:08 IST" name="testFreeSubscription" finished-at="2025-05-02T15:22:12 IST" duration-ms="4071" status="PASS">
          <params>
            <param index="0">
              <value>
                <![CDATA[dev]]>
              </value>
            </param>
          </params>
          <reporter-output>
          </reporter-output>
        </test-method> <!-- testFreeSubscription -->
        <test-method is-config="true" signature="tearDown(org.testng.ITestResult)[pri:0, instance:tests.LoginTest@5990e6c5]" started-at="2025-05-02T15:22:12 IST" name="tearDown" finished-at="2025-05-02T15:22:12 IST" duration-ms="220" status="PASS">
          <params>
            <param index="0">
              <value>
                <![CDATA[[TestResult name=testFreeSubscription status=SUCCESS method=LoginTest.testFreeSubscription(java.lang.String)[pri:0, instance:tests.LoginTest@5990e6c5] output={null}]]]>
              </value>
            </param>
          </params>
          <reporter-output>
          </reporter-output>
        </test-method> <!-- tearDown -->
        <test-method is-config="true" signature="setUp(java.lang.String)[pri:0, instance:tests.LoginTest@5990e6c5]" started-at="2025-05-02T15:22:12 IST" name="setUp" finished-at="2025-05-02T15:22:14 IST" duration-ms="2333" status="PASS">
          <params>
            <param index="0">
              <value>
                <![CDATA[dev]]>
              </value>
            </param>
          </params>
          <reporter-output>
          </reporter-output>
        </test-method> <!-- setUp -->
        <test-method signature="testValidLogin(java.lang.String)[pri:0, instance:tests.LoginTest@5990e6c5]" started-at="2025-05-02T15:22:14 IST" name="testValidLogin" finished-at="2025-05-02T15:22:16 IST" duration-ms="1132" status="PASS">
          <params>
            <param index="0">
              <value>
                <![CDATA[dev]]>
              </value>
            </param>
          </params>
          <reporter-output>
          </reporter-output>
        </test-method> <!-- testValidLogin -->
        <test-method is-config="true" signature="tearDown(org.testng.ITestResult)[pri:0, instance:tests.LoginTest@5990e6c5]" started-at="2025-05-02T15:22:16 IST" name="tearDown" finished-at="2025-05-02T15:22:16 IST" duration-ms="167" status="PASS">
          <params>
            <param index="0">
              <value>
                <![CDATA[[TestResult name=testValidLogin status=SUCCESS method=LoginTest.testValidLogin(java.lang.String)[pri:0, instance:tests.LoginTest@5990e6c5] output={null}]]]>
              </value>
            </param>
          </params>
          <reporter-output>
          </reporter-output>
        </test-method> <!-- tearDown -->
        <test-method is-config="true" signature="endTest()[pri:0, instance:tests.LoginTest@5990e6c5]" started-at="2025-05-02T15:22:16 IST" name="endTest" finished-at="2025-05-02T15:22:16 IST" duration-ms="482" status="PASS">
          <reporter-output>
          </reporter-output>
        </test-method> <!-- endTest -->
      </class> <!-- tests.LoginTest -->
    </test> <!-- Login Tests -->
  </suite> <!-- Login Suite -->
</testng-results>
