<?xml version="1.0" encoding="UTF-8"?>
<testng-results ignored="0" total="1" passed="1" failed="0" skipped="0">
  <reporter-output>
  </reporter-output>
  <suite started-at="2025-05-02T14:38:55 IST" name="Login Suite" finished-at="2025-05-02T14:39:01 IST" duration-ms="6708">
    <groups>
    </groups>
    <test started-at="2025-05-02T14:38:55 IST" name="Login Tests" finished-at="2025-05-02T14:39:01 IST" duration-ms="6708">
      <class name="tests.LoginTest">
        <test-method is-config="true" signature="StartTest()[pri:0, instance:tests.LoginTest@4a9cc6cb]" started-at="2025-05-02T14:38:55 IST" name="StartTest" finished-at="2025-05-02T14:38:55 IST" duration-ms="240" status="PASS">
          <reporter-output>
          </reporter-output>
        </test-method> <!-- StartTest -->
        <test-method is-config="true" signature="setUp(java.lang.String)[pri:0, instance:tests.LoginTest@4a9cc6cb]" started-at="2025-05-02T14:38:55 IST" name="setUp" finished-at="2025-05-02T14:38:59 IST" duration-ms="4184" status="PASS">
          <params>
            <param index="0">
              <value>
                <![CDATA[dev]]>
              </value>
            </param>
          </params>
          <reporter-output>
          </reporter-output>
        </test-method> <!-- setUp -->
        <test-method signature="testValidLogin(java.lang.String)[pri:0, instance:tests.LoginTest@4a9cc6cb]" started-at="2025-05-02T14:38:59 IST" name="testValidLogin" finished-at="2025-05-02T14:39:01 IST" duration-ms="1577" status="PASS">
          <params>
            <param index="0">
              <value>
                <![CDATA[dev]]>
              </value>
            </param>
          </params>
          <reporter-output>
          </reporter-output>
        </test-method> <!-- testValidLogin -->
        <test-method is-config="true" signature="tearDown(org.testng.ITestResult)[pri:0, instance:tests.LoginTest@4a9cc6cb]" started-at="2025-05-02T14:39:01 IST" name="tearDown" finished-at="2025-05-02T14:39:01 IST" duration-ms="256" status="PASS">
          <params>
            <param index="0">
              <value>
                <![CDATA[[TestResult name=testValidLogin status=SUCCESS method=LoginTest.testValidLogin(java.lang.String)[pri:0, instance:tests.LoginTest@4a9cc6cb] output={null}]]]>
              </value>
            </param>
          </params>
          <reporter-output>
          </reporter-output>
        </test-method> <!-- tearDown -->
        <test-method is-config="true" signature="endTest()[pri:0, instance:tests.LoginTest@4a9cc6cb]" started-at="2025-05-02T14:39:01 IST" name="endTest" finished-at="2025-05-02T14:39:01 IST" duration-ms="391" status="PASS">
          <reporter-output>
          </reporter-output>
        </test-method> <!-- endTest -->
      </class> <!-- tests.LoginTest -->
    </test> <!-- Login Tests -->
  </suite> <!-- Login Suite -->
</testng-results>
